2018-11-22 00:59:18,156 WARN org.apache.hadoop.util.NativeCodeLoader: Unable to load native-hadoop library for your platform... using builtin-java classes where applicable
2018-11-22 00:59:27,510 INFO org.apache.hadoop.conf.Configuration.deprecation: session.id is deprecated. Instead, use dfs.metrics.session-id
2018-11-22 00:59:27,513 INFO org.apache.hadoop.metrics.jvm.JvmMetrics: Initializing JVM Metrics with processName=JobTracker, sessionId=
2018-11-22 00:59:27,908 WARN org.apache.hadoop.mapreduce.JobResourceUploader: No job jar file set.  User classes may not be found. See Job or Job#setJar(String).
2018-11-22 00:59:27,954 INFO org.apache.hadoop.mapreduce.lib.input.FileInputFormat: Total input paths to process : 1
2018-11-22 00:59:27,993 INFO org.apache.hadoop.mapreduce.lib.input.FileInputFormat: Total input paths to process : 1
2018-11-22 00:59:28,132 INFO org.apache.hadoop.mapreduce.JobSubmitter: number of splits:2
2018-11-22 00:59:28,573 INFO org.apache.hadoop.mapreduce.JobSubmitter: Submitting tokens for job: job_local1123256633_0001
2018-11-22 00:59:29,081 INFO org.apache.hadoop.mapreduce.Job: The url to track the job: http://localhost:8080/
2018-11-22 00:59:29,083 INFO org.apache.hadoop.mapreduce.Job: Running job: job_local1123256633_0001
2018-11-22 00:59:29,086 INFO org.apache.hadoop.mapred.LocalJobRunner: OutputCommitter set in config null
2018-11-22 00:59:29,103 INFO org.apache.hadoop.mapreduce.lib.output.FileOutputCommitter: File Output Committer Algorithm version is 1
2018-11-22 00:59:29,103 INFO org.apache.hadoop.mapreduce.lib.output.FileOutputCommitter: FileOutputCommitter skip cleanup _temporary folders under output directory:false, ignore cleanup failures: false
2018-11-22 00:59:29,105 INFO org.apache.hadoop.mapred.LocalJobRunner: OutputCommitter is org.apache.hadoop.mapreduce.lib.output.FileOutputCommitter
2018-11-22 00:59:29,247 INFO org.apache.hadoop.mapred.LocalJobRunner: Waiting for map tasks
2018-11-22 00:59:29,248 INFO org.apache.hadoop.mapred.LocalJobRunner: Starting task: attempt_local1123256633_0001_m_000000_0
2018-11-22 00:59:29,323 INFO org.apache.hadoop.mapreduce.lib.output.FileOutputCommitter: File Output Committer Algorithm version is 1
2018-11-22 00:59:29,324 INFO org.apache.hadoop.mapreduce.lib.output.FileOutputCommitter: FileOutputCommitter skip cleanup _temporary folders under output directory:false, ignore cleanup failures: false
2018-11-22 00:59:29,375 INFO org.apache.hadoop.mapred.Task:  Using ResourceCalculatorProcessTree : [ ]
2018-11-22 00:59:29,386 INFO org.apache.hadoop.mapred.MapTask: Processing split: file:/mnt/hgfs/task3/ratings.csv:0+2483723
2018-11-22 00:59:30,100 INFO org.apache.hadoop.mapreduce.Job: Job job_local1123256633_0001 running in uber mode : false
2018-11-22 00:59:30,103 INFO org.apache.hadoop.mapreduce.Job:  map 0% reduce 0%
2018-11-22 00:59:30,295 INFO org.apache.hadoop.mapred.MapTask: (EQUATOR) 0 kvi 26214396(104857584)
2018-11-22 00:59:30,295 INFO org.apache.hadoop.mapred.MapTask: mapreduce.task.io.sort.mb: 100
2018-11-22 00:59:30,295 INFO org.apache.hadoop.mapred.MapTask: soft limit at 83886080
2018-11-22 00:59:30,295 INFO org.apache.hadoop.mapred.MapTask: bufstart = 0; bufvoid = 104857600
2018-11-22 00:59:30,296 INFO org.apache.hadoop.mapred.MapTask: kvstart = 26214396; length = 6553600
2018-11-22 00:59:30,302 INFO org.apache.hadoop.mapred.MapTask: Map output collector class = org.apache.hadoop.mapred.MapTask$MapOutputBuffer
2018-11-22 00:59:41,360 INFO org.apache.hadoop.mapred.LocalJobRunner: map > map
2018-11-22 00:59:59,365 INFO org.apache.hadoop.mapred.LocalJobRunner: map > map
2018-11-22 01:00:11,368 INFO org.apache.hadoop.mapred.LocalJobRunner: map > map
2018-11-22 01:00:17,371 INFO org.apache.hadoop.mapred.LocalJobRunner: map > map
2018-11-22 01:00:23,375 INFO org.apache.hadoop.mapred.LocalJobRunner: map > map
2018-11-22 01:02:29,405 INFO org.apache.hadoop.mapred.LocalJobRunner: map > map
2018-11-22 01:02:35,409 INFO org.apache.hadoop.mapred.LocalJobRunner: map > map
2018-11-22 01:02:41,413 INFO org.apache.hadoop.mapred.LocalJobRunner: map > map
2018-11-22 01:03:41,453 INFO org.apache.hadoop.mapred.LocalJobRunner: map > map
2018-11-22 01:04:05,469 INFO org.apache.hadoop.mapred.LocalJobRunner: map > map
2018-11-22 01:04:12,678 WARN org.apache.hadoop.util.NativeCodeLoader: Unable to load native-hadoop library for your platform... using builtin-java classes where applicable
2018-11-22 01:04:13,458 INFO org.apache.hadoop.conf.Configuration.deprecation: session.id is deprecated. Instead, use dfs.metrics.session-id
2018-11-22 01:04:13,460 INFO org.apache.hadoop.metrics.jvm.JvmMetrics: Initializing JVM Metrics with processName=JobTracker, sessionId=
2018-11-22 01:04:13,494 WARN org.apache.hadoop.security.UserGroupInformation: PriviledgedActionException as:cloudera (auth:SIMPLE) cause:org.apache.hadoop.mapred.FileAlreadyExistsException: Output directory file:/mnt/hgfs/task3/output already exists
2018-11-22 01:04:43,408 WARN org.apache.hadoop.util.NativeCodeLoader: Unable to load native-hadoop library for your platform... using builtin-java classes where applicable
2018-11-22 01:04:44,202 INFO org.apache.hadoop.conf.Configuration.deprecation: session.id is deprecated. Instead, use dfs.metrics.session-id
2018-11-22 01:04:44,204 INFO org.apache.hadoop.metrics.jvm.JvmMetrics: Initializing JVM Metrics with processName=JobTracker, sessionId=
2018-11-22 01:04:44,504 WARN org.apache.hadoop.mapreduce.JobResourceUploader: No job jar file set.  User classes may not be found. See Job or Job#setJar(String).
2018-11-22 01:04:44,534 INFO org.apache.hadoop.mapreduce.lib.input.FileInputFormat: Total input paths to process : 1
2018-11-22 01:04:44,571 INFO org.apache.hadoop.mapreduce.lib.input.FileInputFormat: Total input paths to process : 1
2018-11-22 01:04:44,634 INFO org.apache.hadoop.mapreduce.JobSubmitter: number of splits:2
2018-11-22 01:04:44,950 INFO org.apache.hadoop.mapreduce.JobSubmitter: Submitting tokens for job: job_local1609887191_0001
2018-11-22 01:04:45,355 INFO org.apache.hadoop.mapreduce.Job: The url to track the job: http://localhost:8080/
2018-11-22 01:04:45,357 INFO org.apache.hadoop.mapreduce.Job: Running job: job_local1609887191_0001
2018-11-22 01:04:45,359 INFO org.apache.hadoop.mapred.LocalJobRunner: OutputCommitter set in config null
2018-11-22 01:04:45,376 INFO org.apache.hadoop.mapreduce.lib.output.FileOutputCommitter: File Output Committer Algorithm version is 1
2018-11-22 01:04:45,376 INFO org.apache.hadoop.mapreduce.lib.output.FileOutputCommitter: FileOutputCommitter skip cleanup _temporary folders under output directory:false, ignore cleanup failures: false
2018-11-22 01:04:45,377 INFO org.apache.hadoop.mapred.LocalJobRunner: OutputCommitter is org.apache.hadoop.mapreduce.lib.output.FileOutputCommitter
2018-11-22 01:04:45,464 INFO org.apache.hadoop.mapred.LocalJobRunner: Waiting for map tasks
2018-11-22 01:04:45,465 INFO org.apache.hadoop.mapred.LocalJobRunner: Starting task: attempt_local1609887191_0001_m_000000_0
2018-11-22 01:04:45,506 INFO org.apache.hadoop.mapreduce.lib.output.FileOutputCommitter: File Output Committer Algorithm version is 1
2018-11-22 01:04:45,507 INFO org.apache.hadoop.mapreduce.lib.output.FileOutputCommitter: FileOutputCommitter skip cleanup _temporary folders under output directory:false, ignore cleanup failures: false
2018-11-22 01:04:45,523 INFO org.apache.hadoop.mapred.Task:  Using ResourceCalculatorProcessTree : [ ]
2018-11-22 01:04:45,528 INFO org.apache.hadoop.mapred.MapTask: Processing split: file:/mnt/hgfs/task3/ratings.csv:0+2483723
2018-11-22 01:04:45,582 INFO org.apache.hadoop.mapred.MapTask: (EQUATOR) 0 kvi 26214396(104857584)
2018-11-22 01:04:45,582 INFO org.apache.hadoop.mapred.MapTask: mapreduce.task.io.sort.mb: 100
2018-11-22 01:04:45,582 INFO org.apache.hadoop.mapred.MapTask: soft limit at 83886080
2018-11-22 01:04:45,583 INFO org.apache.hadoop.mapred.MapTask: bufstart = 0; bufvoid = 104857600
2018-11-22 01:04:45,583 INFO org.apache.hadoop.mapred.MapTask: kvstart = 26214396; length = 6553600
2018-11-22 01:04:45,589 INFO org.apache.hadoop.mapred.MapTask: Map output collector class = org.apache.hadoop.mapred.MapTask$MapOutputBuffer
2018-11-22 01:04:46,369 INFO org.apache.hadoop.mapreduce.Job: Job job_local1609887191_0001 running in uber mode : false
2018-11-22 01:04:46,371 INFO org.apache.hadoop.mapreduce.Job:  map 0% reduce 0%
2018-11-22 01:04:47,424 INFO org.apache.hadoop.mapred.LocalJobRunner: 
2018-11-22 01:04:47,426 INFO org.apache.hadoop.mapred.MapTask: Starting flush of map output
2018-11-22 01:04:47,427 INFO org.apache.hadoop.mapred.MapTask: Spilling map output
2018-11-22 01:04:47,427 INFO org.apache.hadoop.mapred.MapTask: bufstart = 0; bufend = 991941; bufvoid = 104857600
2018-11-22 01:04:47,427 INFO org.apache.hadoop.mapred.MapTask: kvstart = 26214396(104857584); kvend = 25811056(103244224); length = 403341/6553600
2018-11-22 01:04:47,853 INFO org.apache.hadoop.mapred.MapTask: Finished spill 0
2018-11-22 01:04:47,857 INFO org.apache.hadoop.mapred.Task: Task:attempt_local1609887191_0001_m_000000_0 is done. And is in the process of committing
2018-11-22 01:04:47,875 INFO org.apache.hadoop.mapred.LocalJobRunner: map
2018-11-22 01:04:47,876 INFO org.apache.hadoop.mapred.Task: Task 'attempt_local1609887191_0001_m_000000_0' done.
2018-11-22 01:04:47,876 INFO org.apache.hadoop.mapred.LocalJobRunner: Finishing task: attempt_local1609887191_0001_m_000000_0
2018-11-22 01:04:47,877 INFO org.apache.hadoop.mapred.LocalJobRunner: Starting task: attempt_local1609887191_0001_m_000001_0
2018-11-22 01:04:47,878 INFO org.apache.hadoop.mapreduce.lib.output.FileOutputCommitter: File Output Committer Algorithm version is 1
2018-11-22 01:04:47,878 INFO org.apache.hadoop.mapreduce.lib.output.FileOutputCommitter: FileOutputCommitter skip cleanup _temporary folders under output directory:false, ignore cleanup failures: false
2018-11-22 01:04:47,879 INFO org.apache.hadoop.mapred.Task:  Using ResourceCalculatorProcessTree : [ ]
2018-11-22 01:04:47,880 INFO org.apache.hadoop.mapred.MapTask: Processing split: file:/mnt/hgfs/task3/movies.csv:0+494431
2018-11-22 01:04:48,378 INFO org.apache.hadoop.mapreduce.Job:  map 100% reduce 0%
2018-11-22 01:04:48,771 INFO org.apache.hadoop.mapred.MapTask: (EQUATOR) 0 kvi 26214396(104857584)
2018-11-22 01:04:48,773 INFO org.apache.hadoop.mapred.MapTask: mapreduce.task.io.sort.mb: 100
2018-11-22 01:04:48,773 INFO org.apache.hadoop.mapred.MapTask: soft limit at 83886080
2018-11-22 01:04:48,773 INFO org.apache.hadoop.mapred.MapTask: bufstart = 0; bufvoid = 104857600
2018-11-22 01:04:48,773 INFO org.apache.hadoop.mapred.MapTask: kvstart = 26214396; length = 6553600
2018-11-22 01:04:48,774 INFO org.apache.hadoop.mapred.MapTask: Map output collector class = org.apache.hadoop.mapred.MapTask$MapOutputBuffer
2018-11-22 01:04:48,942 INFO org.apache.hadoop.mapred.LocalJobRunner: 
2018-11-22 01:04:48,942 INFO org.apache.hadoop.mapred.MapTask: Starting flush of map output
2018-11-22 01:04:48,942 INFO org.apache.hadoop.mapred.MapTask: Spilling map output
2018-11-22 01:04:48,943 INFO org.apache.hadoop.mapred.MapTask: bufstart = 0; bufend = 339532; bufvoid = 104857600
2018-11-22 01:04:48,943 INFO org.apache.hadoop.mapred.MapTask: kvstart = 26214396(104857584); kvend = 26175432(104701728); length = 38965/6553600
2018-11-22 01:04:48,973 INFO org.apache.hadoop.mapred.MapTask: Finished spill 0
2018-11-22 01:04:48,976 INFO org.apache.hadoop.mapred.Task: Task:attempt_local1609887191_0001_m_000001_0 is done. And is in the process of committing
2018-11-22 01:04:48,982 INFO org.apache.hadoop.mapred.LocalJobRunner: map
2018-11-22 01:04:48,982 INFO org.apache.hadoop.mapred.Task: Task 'attempt_local1609887191_0001_m_000001_0' done.
2018-11-22 01:04:48,982 INFO org.apache.hadoop.mapred.LocalJobRunner: Finishing task: attempt_local1609887191_0001_m_000001_0
2018-11-22 01:04:48,983 INFO org.apache.hadoop.mapred.LocalJobRunner: map task executor complete.
2018-11-22 01:04:48,991 INFO org.apache.hadoop.mapred.LocalJobRunner: Waiting for reduce tasks
2018-11-22 01:04:48,992 INFO org.apache.hadoop.mapred.LocalJobRunner: Starting task: attempt_local1609887191_0001_r_000000_0
2018-11-22 01:04:49,014 INFO org.apache.hadoop.mapreduce.lib.output.FileOutputCommitter: File Output Committer Algorithm version is 1
2018-11-22 01:04:49,015 INFO org.apache.hadoop.mapreduce.lib.output.FileOutputCommitter: FileOutputCommitter skip cleanup _temporary folders under output directory:false, ignore cleanup failures: false
2018-11-22 01:04:49,016 INFO org.apache.hadoop.mapred.Task:  Using ResourceCalculatorProcessTree : [ ]
2018-11-22 01:04:49,027 INFO org.apache.hadoop.mapred.ReduceTask: Using ShuffleConsumerPlugin: org.apache.hadoop.mapreduce.task.reduce.Shuffle@216b907c
2018-11-22 01:04:49,061 INFO org.apache.hadoop.mapreduce.task.reduce.MergeManagerImpl: MergerManager: memoryLimit=1285239552, maxSingleShuffleLimit=321309888, mergeThreshold=848258112, ioSortFactor=10, memToMemMergeOutputsThreshold=10
2018-11-22 01:04:49,066 INFO org.apache.hadoop.mapreduce.task.reduce.EventFetcher: attempt_local1609887191_0001_r_000000_0 Thread started: EventFetcher for fetching Map Completion Events
2018-11-22 01:04:49,146 INFO org.apache.hadoop.mapreduce.task.reduce.LocalFetcher: localfetcher#1 about to shuffle output of map attempt_local1609887191_0001_m_000000_0 decomp: 1193615 len: 1193619 to MEMORY
2018-11-22 01:04:49,159 INFO org.apache.hadoop.mapreduce.task.reduce.InMemoryMapOutput: Read 1193615 bytes from map-output for attempt_local1609887191_0001_m_000000_0
2018-11-22 01:04:49,163 INFO org.apache.hadoop.mapreduce.task.reduce.MergeManagerImpl: closeInMemoryFile -> map-output of size: 1193615, inMemoryMapOutputs.size() -> 1, commitMemory -> 0, usedMemory ->1193615
2018-11-22 01:04:49,170 INFO org.apache.hadoop.mapreduce.task.reduce.LocalFetcher: localfetcher#1 about to shuffle output of map attempt_local1609887191_0001_m_000001_0 decomp: 359021 len: 359025 to MEMORY
2018-11-22 01:04:49,172 INFO org.apache.hadoop.mapreduce.task.reduce.InMemoryMapOutput: Read 359021 bytes from map-output for attempt_local1609887191_0001_m_000001_0
2018-11-22 01:04:49,173 INFO org.apache.hadoop.mapreduce.task.reduce.MergeManagerImpl: closeInMemoryFile -> map-output of size: 359021, inMemoryMapOutputs.size() -> 2, commitMemory -> 1193615, usedMemory ->1552636
2018-11-22 01:04:49,174 INFO org.apache.hadoop.mapreduce.task.reduce.EventFetcher: EventFetcher is interrupted.. Returning
2018-11-22 01:04:49,179 INFO org.apache.hadoop.mapred.LocalJobRunner: 2 / 2 copied.
2018-11-22 01:04:49,180 INFO org.apache.hadoop.mapreduce.task.reduce.MergeManagerImpl: finalMerge called with 2 in-memory map-outputs and 0 on-disk map-outputs
2018-11-22 01:04:49,193 INFO org.apache.hadoop.mapred.Merger: Merging 2 sorted segments
2018-11-22 01:04:49,194 INFO org.apache.hadoop.mapred.Merger: Down to the last merge-pass, with 2 segments left of total size: 1552628 bytes
2018-11-22 01:04:49,471 INFO org.apache.hadoop.mapreduce.task.reduce.MergeManagerImpl: Merged 2 segments, 1552636 bytes to disk to satisfy reduce memory limit
2018-11-22 01:04:49,472 INFO org.apache.hadoop.mapreduce.task.reduce.MergeManagerImpl: Merging 1 files, 1552638 bytes from disk
2018-11-22 01:04:49,473 INFO org.apache.hadoop.mapreduce.task.reduce.MergeManagerImpl: Merging 0 segments, 0 bytes from memory into reduce
2018-11-22 01:04:49,473 INFO org.apache.hadoop.mapred.Merger: Merging 1 sorted segments
2018-11-22 01:04:49,473 INFO org.apache.hadoop.mapred.Merger: Down to the last merge-pass, with 1 segments left of total size: 1552630 bytes
2018-11-22 01:04:49,474 INFO org.apache.hadoop.mapred.LocalJobRunner: 2 / 2 copied.
2018-11-22 01:04:49,496 INFO org.apache.hadoop.conf.Configuration.deprecation: mapred.skip.on is deprecated. Instead, use mapreduce.job.skiprecords
2018-11-22 01:04:50,356 INFO org.apache.hadoop.mapred.Task: Task:attempt_local1609887191_0001_r_000000_0 is done. And is in the process of committing
2018-11-22 01:04:50,361 INFO org.apache.hadoop.mapred.LocalJobRunner: 2 / 2 copied.
2018-11-22 01:04:50,362 INFO org.apache.hadoop.mapred.Task: Task attempt_local1609887191_0001_r_000000_0 is allowed to commit now
2018-11-22 01:04:50,365 INFO org.apache.hadoop.mapreduce.lib.output.FileOutputCommitter: Saved output of task 'attempt_local1609887191_0001_r_000000_0' to file:/mnt/hgfs/task3/output/_temporary/0/task_local1609887191_0001_r_000000
2018-11-22 01:04:50,367 INFO org.apache.hadoop.mapred.LocalJobRunner: reduce > reduce
2018-11-22 01:04:50,367 INFO org.apache.hadoop.mapred.Task: Task 'attempt_local1609887191_0001_r_000000_0' done.
2018-11-22 01:04:50,367 INFO org.apache.hadoop.mapred.LocalJobRunner: Finishing task: attempt_local1609887191_0001_r_000000_0
2018-11-22 01:04:50,367 INFO org.apache.hadoop.mapred.LocalJobRunner: reduce task executor complete.
2018-11-22 01:04:50,379 INFO org.apache.hadoop.mapreduce.Job:  map 100% reduce 100%
2018-11-22 01:04:51,388 INFO org.apache.hadoop.mapreduce.Job: Job job_local1609887191_0001 completed successfully
2018-11-22 01:04:51,435 INFO org.apache.hadoop.mapreduce.Job: Counters: 30
	File System Counters
		FILE: Number of bytes read=11547852
		FILE: Number of bytes written=7256737
		FILE: Number of read operations=0
		FILE: Number of large read operations=0
		FILE: Number of write operations=0
	Map-Reduce Framework
		Map input records=110580
		Map output records=110578
		Map output bytes=1331473
		Map output materialized bytes=1552644
		Input split bytes=443
		Combine input records=0
		Combine output records=0
		Reduce input groups=9829
		Reduce shuffle bytes=1552644
		Reduce input records=110578
		Reduce output records=9829
		Spilled Records=221156
		Shuffled Maps =2
		Failed Shuffles=0
		Merged Map outputs=2
		GC time elapsed (ms)=420
		Total committed heap usage (bytes)=1062731776
	Shuffle Errors
		BAD_ID=0
		CONNECTION=0
		IO_ERROR=0
		WRONG_LENGTH=0
		WRONG_MAP=0
		WRONG_REDUCE=0
	File Input Format Counters 
		Bytes Read=0
	File Output Format Counters 
		Bytes Written=401499
2018-11-22 01:08:13,957 WARN org.apache.hadoop.util.NativeCodeLoader: Unable to load native-hadoop library for your platform... using builtin-java classes where applicable
2018-11-22 01:08:14,708 INFO org.apache.hadoop.conf.Configuration.deprecation: session.id is deprecated. Instead, use dfs.metrics.session-id
2018-11-22 01:08:14,711 INFO org.apache.hadoop.metrics.jvm.JvmMetrics: Initializing JVM Metrics with processName=JobTracker, sessionId=
2018-11-22 01:08:15,026 WARN org.apache.hadoop.mapreduce.JobResourceUploader: No job jar file set.  User classes may not be found. See Job or Job#setJar(String).
2018-11-22 01:08:15,054 INFO org.apache.hadoop.mapreduce.lib.input.FileInputFormat: Total input paths to process : 1
2018-11-22 01:08:15,099 INFO org.apache.hadoop.mapreduce.lib.input.FileInputFormat: Total input paths to process : 1
2018-11-22 01:08:15,162 INFO org.apache.hadoop.mapreduce.JobSubmitter: number of splits:2
2018-11-22 01:08:15,513 INFO org.apache.hadoop.mapreduce.JobSubmitter: Submitting tokens for job: job_local1385732175_0001
2018-11-22 01:08:15,911 INFO org.apache.hadoop.mapreduce.Job: The url to track the job: http://localhost:8080/
2018-11-22 01:08:15,913 INFO org.apache.hadoop.mapreduce.Job: Running job: job_local1385732175_0001
2018-11-22 01:08:15,915 INFO org.apache.hadoop.mapred.LocalJobRunner: OutputCommitter set in config null
2018-11-22 01:08:15,930 INFO org.apache.hadoop.mapreduce.lib.output.FileOutputCommitter: File Output Committer Algorithm version is 1
2018-11-22 01:08:15,931 INFO org.apache.hadoop.mapreduce.lib.output.FileOutputCommitter: FileOutputCommitter skip cleanup _temporary folders under output directory:false, ignore cleanup failures: false
2018-11-22 01:08:15,932 INFO org.apache.hadoop.mapred.LocalJobRunner: OutputCommitter is org.apache.hadoop.mapreduce.lib.output.FileOutputCommitter
2018-11-22 01:08:16,015 INFO org.apache.hadoop.mapred.LocalJobRunner: Waiting for map tasks
2018-11-22 01:08:16,016 INFO org.apache.hadoop.mapred.LocalJobRunner: Starting task: attempt_local1385732175_0001_m_000000_0
2018-11-22 01:08:16,060 INFO org.apache.hadoop.mapreduce.lib.output.FileOutputCommitter: File Output Committer Algorithm version is 1
2018-11-22 01:08:16,062 INFO org.apache.hadoop.mapreduce.lib.output.FileOutputCommitter: FileOutputCommitter skip cleanup _temporary folders under output directory:false, ignore cleanup failures: false
2018-11-22 01:08:16,084 INFO org.apache.hadoop.mapred.Task:  Using ResourceCalculatorProcessTree : [ ]
2018-11-22 01:08:16,089 INFO org.apache.hadoop.mapred.MapTask: Processing split: file:/mnt/hgfs/task3/ratings.csv:0+2483723
2018-11-22 01:08:16,141 INFO org.apache.hadoop.mapred.MapTask: (EQUATOR) 0 kvi 26214396(104857584)
2018-11-22 01:08:16,142 INFO org.apache.hadoop.mapred.MapTask: mapreduce.task.io.sort.mb: 100
2018-11-22 01:08:16,142 INFO org.apache.hadoop.mapred.MapTask: soft limit at 83886080
2018-11-22 01:08:16,142 INFO org.apache.hadoop.mapred.MapTask: bufstart = 0; bufvoid = 104857600
2018-11-22 01:08:16,142 INFO org.apache.hadoop.mapred.MapTask: kvstart = 26214396; length = 6553600
2018-11-22 01:08:16,148 INFO org.apache.hadoop.mapred.MapTask: Map output collector class = org.apache.hadoop.mapred.MapTask$MapOutputBuffer
2018-11-22 01:08:16,462 INFO org.apache.hadoop.mapred.LocalJobRunner: 
2018-11-22 01:08:16,463 INFO org.apache.hadoop.mapred.MapTask: Starting flush of map output
2018-11-22 01:08:16,475 INFO org.apache.hadoop.mapred.Task: Task:attempt_local1385732175_0001_m_000000_0 is done. And is in the process of committing
2018-11-22 01:08:16,496 INFO org.apache.hadoop.mapred.LocalJobRunner: map
2018-11-22 01:08:16,496 INFO org.apache.hadoop.mapred.Task: Task 'attempt_local1385732175_0001_m_000000_0' done.
2018-11-22 01:08:16,496 INFO org.apache.hadoop.mapred.LocalJobRunner: Finishing task: attempt_local1385732175_0001_m_000000_0
2018-11-22 01:08:16,497 INFO org.apache.hadoop.mapred.LocalJobRunner: Starting task: attempt_local1385732175_0001_m_000001_0
2018-11-22 01:08:16,499 INFO org.apache.hadoop.mapreduce.lib.output.FileOutputCommitter: File Output Committer Algorithm version is 1
2018-11-22 01:08:16,499 INFO org.apache.hadoop.mapreduce.lib.output.FileOutputCommitter: FileOutputCommitter skip cleanup _temporary folders under output directory:false, ignore cleanup failures: false
2018-11-22 01:08:16,500 INFO org.apache.hadoop.mapred.Task:  Using ResourceCalculatorProcessTree : [ ]
2018-11-22 01:08:16,503 INFO org.apache.hadoop.mapred.MapTask: Processing split: file:/mnt/hgfs/task3/movies.csv:0+494431
2018-11-22 01:08:16,532 INFO org.apache.hadoop.mapred.MapTask: (EQUATOR) 0 kvi 26214396(104857584)
2018-11-22 01:08:16,532 INFO org.apache.hadoop.mapred.MapTask: mapreduce.task.io.sort.mb: 100
2018-11-22 01:08:16,532 INFO org.apache.hadoop.mapred.MapTask: soft limit at 83886080
2018-11-22 01:08:16,532 INFO org.apache.hadoop.mapred.MapTask: bufstart = 0; bufvoid = 104857600
2018-11-22 01:08:16,533 INFO org.apache.hadoop.mapred.MapTask: kvstart = 26214396; length = 6553600
2018-11-22 01:08:16,534 INFO org.apache.hadoop.mapred.MapTask: Map output collector class = org.apache.hadoop.mapred.MapTask$MapOutputBuffer
2018-11-22 01:08:16,830 INFO org.apache.hadoop.mapred.LocalJobRunner: 
2018-11-22 01:08:16,831 INFO org.apache.hadoop.mapred.MapTask: Starting flush of map output
2018-11-22 01:08:16,831 INFO org.apache.hadoop.mapred.MapTask: Spilling map output
2018-11-22 01:08:16,831 INFO org.apache.hadoop.mapred.MapTask: bufstart = 0; bufend = 339532; bufvoid = 104857600
2018-11-22 01:08:16,832 INFO org.apache.hadoop.mapred.MapTask: kvstart = 26214396(104857584); kvend = 26175432(104701728); length = 38965/6553600
2018-11-22 01:08:16,926 INFO org.apache.hadoop.mapreduce.Job: Job job_local1385732175_0001 running in uber mode : false
2018-11-22 01:08:16,928 INFO org.apache.hadoop.mapreduce.Job:  map 50% reduce 0%
2018-11-22 01:08:17,082 INFO org.apache.hadoop.mapred.MapTask: Finished spill 0
2018-11-22 01:08:17,086 INFO org.apache.hadoop.mapred.Task: Task:attempt_local1385732175_0001_m_000001_0 is done. And is in the process of committing
2018-11-22 01:08:17,090 INFO org.apache.hadoop.mapred.LocalJobRunner: map
2018-11-22 01:08:17,090 INFO org.apache.hadoop.mapred.Task: Task 'attempt_local1385732175_0001_m_000001_0' done.
2018-11-22 01:08:17,090 INFO org.apache.hadoop.mapred.LocalJobRunner: Finishing task: attempt_local1385732175_0001_m_000001_0
2018-11-22 01:08:17,091 INFO org.apache.hadoop.mapred.LocalJobRunner: map task executor complete.
2018-11-22 01:08:17,096 INFO org.apache.hadoop.mapred.LocalJobRunner: Waiting for reduce tasks
2018-11-22 01:08:17,096 INFO org.apache.hadoop.mapred.LocalJobRunner: Starting task: attempt_local1385732175_0001_r_000000_0
2018-11-22 01:08:17,111 INFO org.apache.hadoop.mapreduce.lib.output.FileOutputCommitter: File Output Committer Algorithm version is 1
2018-11-22 01:08:17,112 INFO org.apache.hadoop.mapreduce.lib.output.FileOutputCommitter: FileOutputCommitter skip cleanup _temporary folders under output directory:false, ignore cleanup failures: false
2018-11-22 01:08:17,113 INFO org.apache.hadoop.mapred.Task:  Using ResourceCalculatorProcessTree : [ ]
2018-11-22 01:08:17,119 INFO org.apache.hadoop.mapred.ReduceTask: Using ShuffleConsumerPlugin: org.apache.hadoop.mapreduce.task.reduce.Shuffle@69207d43
2018-11-22 01:08:17,148 INFO org.apache.hadoop.mapreduce.task.reduce.MergeManagerImpl: MergerManager: memoryLimit=1285239552, maxSingleShuffleLimit=321309888, mergeThreshold=848258112, ioSortFactor=10, memToMemMergeOutputsThreshold=10
2018-11-22 01:08:17,153 INFO org.apache.hadoop.mapreduce.task.reduce.EventFetcher: attempt_local1385732175_0001_r_000000_0 Thread started: EventFetcher for fetching Map Completion Events
2018-11-22 01:08:17,224 INFO org.apache.hadoop.mapreduce.task.reduce.LocalFetcher: localfetcher#1 about to shuffle output of map attempt_local1385732175_0001_m_000000_0 decomp: 2 len: 6 to MEMORY
2018-11-22 01:08:17,231 INFO org.apache.hadoop.mapreduce.task.reduce.InMemoryMapOutput: Read 2 bytes from map-output for attempt_local1385732175_0001_m_000000_0
2018-11-22 01:08:17,234 INFO org.apache.hadoop.mapreduce.task.reduce.MergeManagerImpl: closeInMemoryFile -> map-output of size: 2, inMemoryMapOutputs.size() -> 1, commitMemory -> 0, usedMemory ->2
2018-11-22 01:08:17,239 INFO org.apache.hadoop.mapreduce.task.reduce.LocalFetcher: localfetcher#1 about to shuffle output of map attempt_local1385732175_0001_m_000001_0 decomp: 359021 len: 359025 to MEMORY
2018-11-22 01:08:17,241 INFO org.apache.hadoop.mapreduce.task.reduce.InMemoryMapOutput: Read 359021 bytes from map-output for attempt_local1385732175_0001_m_000001_0
2018-11-22 01:08:17,241 INFO org.apache.hadoop.mapreduce.task.reduce.MergeManagerImpl: closeInMemoryFile -> map-output of size: 359021, inMemoryMapOutputs.size() -> 2, commitMemory -> 2, usedMemory ->359023
2018-11-22 01:08:17,242 INFO org.apache.hadoop.mapreduce.task.reduce.EventFetcher: EventFetcher is interrupted.. Returning
2018-11-22 01:08:17,245 INFO org.apache.hadoop.mapred.LocalJobRunner: 2 / 2 copied.
2018-11-22 01:08:17,245 INFO org.apache.hadoop.mapreduce.task.reduce.MergeManagerImpl: finalMerge called with 2 in-memory map-outputs and 0 on-disk map-outputs
2018-11-22 01:08:17,257 INFO org.apache.hadoop.mapred.Merger: Merging 2 sorted segments
2018-11-22 01:08:17,258 INFO org.apache.hadoop.mapred.Merger: Down to the last merge-pass, with 1 segments left of total size: 359017 bytes
2018-11-22 01:08:17,354 INFO org.apache.hadoop.mapreduce.task.reduce.MergeManagerImpl: Merged 2 segments, 359023 bytes to disk to satisfy reduce memory limit
2018-11-22 01:08:17,355 INFO org.apache.hadoop.mapreduce.task.reduce.MergeManagerImpl: Merging 1 files, 359025 bytes from disk
2018-11-22 01:08:17,357 INFO org.apache.hadoop.mapreduce.task.reduce.MergeManagerImpl: Merging 0 segments, 0 bytes from memory into reduce
2018-11-22 01:08:17,358 INFO org.apache.hadoop.mapred.Merger: Merging 1 sorted segments
2018-11-22 01:08:17,359 INFO org.apache.hadoop.mapred.Merger: Down to the last merge-pass, with 1 segments left of total size: 359017 bytes
2018-11-22 01:08:17,360 INFO org.apache.hadoop.mapred.LocalJobRunner: 2 / 2 copied.
2018-11-22 01:08:17,389 INFO org.apache.hadoop.conf.Configuration.deprecation: mapred.skip.on is deprecated. Instead, use mapreduce.job.skiprecords
2018-11-22 01:08:17,936 INFO org.apache.hadoop.mapreduce.Job:  map 100% reduce 0%
2018-11-22 01:08:17,948 INFO org.apache.hadoop.mapred.Task: Task:attempt_local1385732175_0001_r_000000_0 is done. And is in the process of committing
2018-11-22 01:08:17,951 INFO org.apache.hadoop.mapred.LocalJobRunner: 2 / 2 copied.
2018-11-22 01:08:17,951 INFO org.apache.hadoop.mapred.Task: Task attempt_local1385732175_0001_r_000000_0 is allowed to commit now
2018-11-22 01:08:17,955 INFO org.apache.hadoop.mapreduce.lib.output.FileOutputCommitter: Saved output of task 'attempt_local1385732175_0001_r_000000_0' to file:/mnt/hgfs/task3/output/_temporary/0/task_local1385732175_0001_r_000000
2018-11-22 01:08:17,956 INFO org.apache.hadoop.mapred.LocalJobRunner: reduce > reduce
2018-11-22 01:08:17,957 INFO org.apache.hadoop.mapred.Task: Task 'attempt_local1385732175_0001_r_000000_0' done.
2018-11-22 01:08:17,957 INFO org.apache.hadoop.mapred.LocalJobRunner: Finishing task: attempt_local1385732175_0001_r_000000_0
2018-11-22 01:08:17,957 INFO org.apache.hadoop.mapred.LocalJobRunner: reduce task executor complete.
2018-11-22 01:08:18,938 INFO org.apache.hadoop.mapreduce.Job:  map 100% reduce 100%
2018-11-22 01:08:18,944 INFO org.apache.hadoop.mapreduce.Job: Job job_local1385732175_0001 completed successfully
2018-11-22 01:08:19,023 INFO org.apache.hadoop.mapreduce.Job: Counters: 30
	File System Counters
		FILE: Number of bytes read=9160626
		FILE: Number of bytes written=2472069
		FILE: Number of read operations=0
		FILE: Number of large read operations=0
		FILE: Number of write operations=0
	Map-Reduce Framework
		Map input records=110580
		Map output records=9742
		Map output bytes=339532
		Map output materialized bytes=359031
		Input split bytes=443
		Combine input records=0
		Combine output records=0
		Reduce input groups=9742
		Reduce shuffle bytes=359031
		Reduce input records=9742
		Reduce output records=9742
		Spilled Records=19484
		Shuffled Maps =2
		Failed Shuffles=0
		Merged Map outputs=2
		GC time elapsed (ms)=27
		Total committed heap usage (bytes)=898105344
	Shuffle Errors
		BAD_ID=0
		CONNECTION=0
		IO_ERROR=0
		WRONG_LENGTH=0
		WRONG_MAP=0
		WRONG_REDUCE=0
	File Input Format Counters 
		Bytes Read=0
	File Output Format Counters 
		Bytes Written=391283
2018-11-22 01:10:42,129 WARN org.apache.hadoop.util.NativeCodeLoader: Unable to load native-hadoop library for your platform... using builtin-java classes where applicable
2018-11-22 01:10:43,021 INFO org.apache.hadoop.conf.Configuration.deprecation: session.id is deprecated. Instead, use dfs.metrics.session-id
2018-11-22 01:10:43,023 INFO org.apache.hadoop.metrics.jvm.JvmMetrics: Initializing JVM Metrics with processName=JobTracker, sessionId=
2018-11-22 01:10:43,367 WARN org.apache.hadoop.mapreduce.JobResourceUploader: No job jar file set.  User classes may not be found. See Job or Job#setJar(String).
2018-11-22 01:10:43,399 INFO org.apache.hadoop.mapreduce.lib.input.FileInputFormat: Total input paths to process : 1
2018-11-22 01:10:43,434 INFO org.apache.hadoop.mapreduce.lib.input.FileInputFormat: Total input paths to process : 1
2018-11-22 01:10:43,498 INFO org.apache.hadoop.mapreduce.JobSubmitter: number of splits:2
2018-11-22 01:10:43,823 INFO org.apache.hadoop.mapreduce.JobSubmitter: Submitting tokens for job: job_local740872020_0001
2018-11-22 01:10:44,217 INFO org.apache.hadoop.mapreduce.Job: The url to track the job: http://localhost:8080/
2018-11-22 01:10:44,219 INFO org.apache.hadoop.mapreduce.Job: Running job: job_local740872020_0001
2018-11-22 01:10:44,220 INFO org.apache.hadoop.mapred.LocalJobRunner: OutputCommitter set in config null
2018-11-22 01:10:44,232 INFO org.apache.hadoop.mapreduce.lib.output.FileOutputCommitter: File Output Committer Algorithm version is 1
2018-11-22 01:10:44,232 INFO org.apache.hadoop.mapreduce.lib.output.FileOutputCommitter: FileOutputCommitter skip cleanup _temporary folders under output directory:false, ignore cleanup failures: false
2018-11-22 01:10:44,234 INFO org.apache.hadoop.mapred.LocalJobRunner: OutputCommitter is org.apache.hadoop.mapreduce.lib.output.FileOutputCommitter
2018-11-22 01:10:44,323 INFO org.apache.hadoop.mapred.LocalJobRunner: Waiting for map tasks
2018-11-22 01:10:44,324 INFO org.apache.hadoop.mapred.LocalJobRunner: Starting task: attempt_local740872020_0001_m_000000_0
2018-11-22 01:10:44,379 INFO org.apache.hadoop.mapreduce.lib.output.FileOutputCommitter: File Output Committer Algorithm version is 1
2018-11-22 01:10:44,381 INFO org.apache.hadoop.mapreduce.lib.output.FileOutputCommitter: FileOutputCommitter skip cleanup _temporary folders under output directory:false, ignore cleanup failures: false
2018-11-22 01:10:44,399 INFO org.apache.hadoop.mapred.Task:  Using ResourceCalculatorProcessTree : [ ]
2018-11-22 01:10:44,404 INFO org.apache.hadoop.mapred.MapTask: Processing split: file:/mnt/hgfs/task3/ratings.csv:0+2483723
2018-11-22 01:10:44,459 INFO org.apache.hadoop.mapred.MapTask: (EQUATOR) 0 kvi 26214396(104857584)
2018-11-22 01:10:44,459 INFO org.apache.hadoop.mapred.MapTask: mapreduce.task.io.sort.mb: 100
2018-11-22 01:10:44,460 INFO org.apache.hadoop.mapred.MapTask: soft limit at 83886080
2018-11-22 01:10:44,460 INFO org.apache.hadoop.mapred.MapTask: bufstart = 0; bufvoid = 104857600
2018-11-22 01:10:44,460 INFO org.apache.hadoop.mapred.MapTask: kvstart = 26214396; length = 6553600
2018-11-22 01:10:44,466 INFO org.apache.hadoop.mapred.MapTask: Map output collector class = org.apache.hadoop.mapred.MapTask$MapOutputBuffer
2018-11-22 01:10:45,230 INFO org.apache.hadoop.mapreduce.Job: Job job_local740872020_0001 running in uber mode : false
2018-11-22 01:10:45,232 INFO org.apache.hadoop.mapreduce.Job:  map 0% reduce 0%
2018-11-22 01:10:45,698 INFO org.apache.hadoop.mapred.LocalJobRunner: 
2018-11-22 01:10:45,700 INFO org.apache.hadoop.mapred.MapTask: Starting flush of map output
2018-11-22 01:10:45,700 INFO org.apache.hadoop.mapred.MapTask: Spilling map output
2018-11-22 01:10:45,700 INFO org.apache.hadoop.mapred.MapTask: bufstart = 0; bufend = 1112080; bufvoid = 104857600
2018-11-22 01:10:45,700 INFO org.apache.hadoop.mapred.MapTask: kvstart = 26214396(104857584); kvend = 25811056(103244224); length = 403341/6553600
2018-11-22 01:10:46,134 INFO org.apache.hadoop.mapred.MapTask: Finished spill 0
2018-11-22 01:10:46,140 INFO org.apache.hadoop.mapred.Task: Task:attempt_local740872020_0001_m_000000_0 is done. And is in the process of committing
2018-11-22 01:10:46,159 INFO org.apache.hadoop.mapred.LocalJobRunner: map
2018-11-22 01:10:46,159 INFO org.apache.hadoop.mapred.Task: Task 'attempt_local740872020_0001_m_000000_0' done.
2018-11-22 01:10:46,159 INFO org.apache.hadoop.mapred.LocalJobRunner: Finishing task: attempt_local740872020_0001_m_000000_0
2018-11-22 01:10:46,160 INFO org.apache.hadoop.mapred.LocalJobRunner: Starting task: attempt_local740872020_0001_m_000001_0
2018-11-22 01:10:46,162 INFO org.apache.hadoop.mapreduce.lib.output.FileOutputCommitter: File Output Committer Algorithm version is 1
2018-11-22 01:10:46,163 INFO org.apache.hadoop.mapreduce.lib.output.FileOutputCommitter: FileOutputCommitter skip cleanup _temporary folders under output directory:false, ignore cleanup failures: false
2018-11-22 01:10:46,164 INFO org.apache.hadoop.mapred.Task:  Using ResourceCalculatorProcessTree : [ ]
2018-11-22 01:10:46,165 INFO org.apache.hadoop.mapred.MapTask: Processing split: file:/mnt/hgfs/task3/movies.csv:0+494431
2018-11-22 01:10:46,238 INFO org.apache.hadoop.mapreduce.Job:  map 100% reduce 0%
2018-11-22 01:10:46,526 INFO org.apache.hadoop.mapred.MapTask: (EQUATOR) 0 kvi 26214396(104857584)
2018-11-22 01:10:46,526 INFO org.apache.hadoop.mapred.MapTask: mapreduce.task.io.sort.mb: 100
2018-11-22 01:10:46,527 INFO org.apache.hadoop.mapred.MapTask: soft limit at 83886080
2018-11-22 01:10:46,527 INFO org.apache.hadoop.mapred.MapTask: bufstart = 0; bufvoid = 104857600
2018-11-22 01:10:46,527 INFO org.apache.hadoop.mapred.MapTask: kvstart = 26214396; length = 6553600
2018-11-22 01:10:46,528 INFO org.apache.hadoop.mapred.MapTask: Map output collector class = org.apache.hadoop.mapred.MapTask$MapOutputBuffer
2018-11-22 01:10:46,626 INFO org.apache.hadoop.mapred.LocalJobRunner: 
2018-11-22 01:10:46,627 INFO org.apache.hadoop.mapred.MapTask: Starting flush of map output
2018-11-22 01:10:46,627 INFO org.apache.hadoop.mapred.MapTask: Spilling map output
2018-11-22 01:10:46,627 INFO org.apache.hadoop.mapred.MapTask: bufstart = 0; bufend = 339532; bufvoid = 104857600
2018-11-22 01:10:46,628 INFO org.apache.hadoop.mapred.MapTask: kvstart = 26214396(104857584); kvend = 26175432(104701728); length = 38965/6553600
2018-11-22 01:10:46,651 INFO org.apache.hadoop.mapred.MapTask: Finished spill 0
2018-11-22 01:10:46,654 INFO org.apache.hadoop.mapred.Task: Task:attempt_local740872020_0001_m_000001_0 is done. And is in the process of committing
2018-11-22 01:10:46,658 INFO org.apache.hadoop.mapred.LocalJobRunner: map
2018-11-22 01:10:46,658 INFO org.apache.hadoop.mapred.Task: Task 'attempt_local740872020_0001_m_000001_0' done.
2018-11-22 01:10:46,659 INFO org.apache.hadoop.mapred.LocalJobRunner: Finishing task: attempt_local740872020_0001_m_000001_0
2018-11-22 01:10:46,659 INFO org.apache.hadoop.mapred.LocalJobRunner: map task executor complete.
2018-11-22 01:10:46,664 INFO org.apache.hadoop.mapred.LocalJobRunner: Waiting for reduce tasks
2018-11-22 01:10:46,664 INFO org.apache.hadoop.mapred.LocalJobRunner: Starting task: attempt_local740872020_0001_r_000000_0
2018-11-22 01:10:46,677 INFO org.apache.hadoop.mapreduce.lib.output.FileOutputCommitter: File Output Committer Algorithm version is 1
2018-11-22 01:10:46,678 INFO org.apache.hadoop.mapreduce.lib.output.FileOutputCommitter: FileOutputCommitter skip cleanup _temporary folders under output directory:false, ignore cleanup failures: false
2018-11-22 01:10:46,678 INFO org.apache.hadoop.mapred.Task:  Using ResourceCalculatorProcessTree : [ ]
2018-11-22 01:10:46,687 INFO org.apache.hadoop.mapred.ReduceTask: Using ShuffleConsumerPlugin: org.apache.hadoop.mapreduce.task.reduce.Shuffle@216b907c
2018-11-22 01:10:46,713 INFO org.apache.hadoop.mapreduce.task.reduce.MergeManagerImpl: MergerManager: memoryLimit=1285239552, maxSingleShuffleLimit=321309888, mergeThreshold=848258112, ioSortFactor=10, memToMemMergeOutputsThreshold=10
2018-11-22 01:10:46,717 INFO org.apache.hadoop.mapreduce.task.reduce.EventFetcher: attempt_local740872020_0001_r_000000_0 Thread started: EventFetcher for fetching Map Completion Events
2018-11-22 01:10:46,773 INFO org.apache.hadoop.mapreduce.task.reduce.LocalFetcher: localfetcher#1 about to shuffle output of map attempt_local740872020_0001_m_000000_0 decomp: 1313754 len: 1313758 to MEMORY
2018-11-22 01:10:46,782 INFO org.apache.hadoop.mapreduce.task.reduce.InMemoryMapOutput: Read 1313754 bytes from map-output for attempt_local740872020_0001_m_000000_0
2018-11-22 01:10:46,785 INFO org.apache.hadoop.mapreduce.task.reduce.MergeManagerImpl: closeInMemoryFile -> map-output of size: 1313754, inMemoryMapOutputs.size() -> 1, commitMemory -> 0, usedMemory ->1313754
2018-11-22 01:10:46,789 INFO org.apache.hadoop.mapreduce.task.reduce.LocalFetcher: localfetcher#1 about to shuffle output of map attempt_local740872020_0001_m_000001_0 decomp: 359021 len: 359025 to MEMORY
2018-11-22 01:10:46,790 INFO org.apache.hadoop.mapreduce.task.reduce.InMemoryMapOutput: Read 359021 bytes from map-output for attempt_local740872020_0001_m_000001_0
2018-11-22 01:10:46,790 INFO org.apache.hadoop.mapreduce.task.reduce.MergeManagerImpl: closeInMemoryFile -> map-output of size: 359021, inMemoryMapOutputs.size() -> 2, commitMemory -> 1313754, usedMemory ->1672775
2018-11-22 01:10:46,793 INFO org.apache.hadoop.mapreduce.task.reduce.EventFetcher: EventFetcher is interrupted.. Returning
2018-11-22 01:10:46,794 INFO org.apache.hadoop.mapred.LocalJobRunner: 2 / 2 copied.
2018-11-22 01:10:46,794 INFO org.apache.hadoop.mapreduce.task.reduce.MergeManagerImpl: finalMerge called with 2 in-memory map-outputs and 0 on-disk map-outputs
2018-11-22 01:10:46,804 INFO org.apache.hadoop.mapred.Merger: Merging 2 sorted segments
2018-11-22 01:10:46,805 INFO org.apache.hadoop.mapred.Merger: Down to the last merge-pass, with 2 segments left of total size: 1672767 bytes
2018-11-22 01:10:47,065 INFO org.apache.hadoop.mapreduce.task.reduce.MergeManagerImpl: Merged 2 segments, 1672775 bytes to disk to satisfy reduce memory limit
2018-11-22 01:10:47,066 INFO org.apache.hadoop.mapreduce.task.reduce.MergeManagerImpl: Merging 1 files, 1672777 bytes from disk
2018-11-22 01:10:47,067 INFO org.apache.hadoop.mapreduce.task.reduce.MergeManagerImpl: Merging 0 segments, 0 bytes from memory into reduce
2018-11-22 01:10:47,067 INFO org.apache.hadoop.mapred.Merger: Merging 1 sorted segments
2018-11-22 01:10:47,068 INFO org.apache.hadoop.mapred.Merger: Down to the last merge-pass, with 1 segments left of total size: 1672769 bytes
2018-11-22 01:10:47,068 INFO org.apache.hadoop.mapred.LocalJobRunner: 2 / 2 copied.
2018-11-22 01:10:47,087 INFO org.apache.hadoop.conf.Configuration.deprecation: mapred.skip.on is deprecated. Instead, use mapreduce.job.skiprecords
2018-11-22 01:10:48,024 INFO org.apache.hadoop.mapred.Task: Task:attempt_local740872020_0001_r_000000_0 is done. And is in the process of committing
2018-11-22 01:10:48,028 INFO org.apache.hadoop.mapred.LocalJobRunner: 2 / 2 copied.
2018-11-22 01:10:48,029 INFO org.apache.hadoop.mapred.Task: Task attempt_local740872020_0001_r_000000_0 is allowed to commit now
2018-11-22 01:10:48,032 INFO org.apache.hadoop.mapreduce.lib.output.FileOutputCommitter: Saved output of task 'attempt_local740872020_0001_r_000000_0' to file:/mnt/hgfs/task3/output/_temporary/0/task_local740872020_0001_r_000000
2018-11-22 01:10:48,036 INFO org.apache.hadoop.mapred.LocalJobRunner: reduce > reduce
2018-11-22 01:10:48,036 INFO org.apache.hadoop.mapred.Task: Task 'attempt_local740872020_0001_r_000000_0' done.
2018-11-22 01:10:48,036 INFO org.apache.hadoop.mapred.LocalJobRunner: Finishing task: attempt_local740872020_0001_r_000000_0
2018-11-22 01:10:48,036 INFO org.apache.hadoop.mapred.LocalJobRunner: reduce task executor complete.
2018-11-22 01:10:48,240 INFO org.apache.hadoop.mapreduce.Job:  map 100% reduce 100%
2018-11-22 01:10:48,241 INFO org.apache.hadoop.mapreduce.Job: Job job_local740872020_0001 completed successfully
2018-11-22 01:10:48,283 INFO org.apache.hadoop.mapreduce.Job: Counters: 30
	File System Counters
		FILE: Number of bytes read=11788130
		FILE: Number of bytes written=7768732
		FILE: Number of read operations=0
		FILE: Number of large read operations=0
		FILE: Number of write operations=0
	Map-Reduce Framework
		Map input records=110580
		Map output records=110578
		Map output bytes=1451612
		Map output materialized bytes=1672783
		Input split bytes=443
		Combine input records=0
		Combine output records=0
		Reduce input groups=9742
		Reduce shuffle bytes=1672783
		Reduce input records=110578
		Reduce output records=9742
		Spilled Records=221156
		Shuffled Maps =2
		Failed Shuffles=0
		Merged Map outputs=2
		GC time elapsed (ms)=227
		Total committed heap usage (bytes)=1062207488
	Shuffle Errors
		BAD_ID=0
		CONNECTION=0
		IO_ERROR=0
		WRONG_LENGTH=0
		WRONG_MAP=0
		WRONG_REDUCE=0
	File Input Format Counters 
		Bytes Read=0
	File Output Format Counters 
		Bytes Written=437732
